{"numTotalTestSuites":625,"numPassedTestSuites":623,"numFailedTestSuites":2,"numPendingTestSuites":0,"numTotalTests":2623,"numPassedTests":2622,"numFailedTests":1,"numPendingTests":0,"numTodoTests":0,"snapshot":{"added":0,"failure":false,"filesAdded":0,"filesRemoved":0,"filesRemovedList":[],"filesUnmatched":0,"filesUpdated":0,"matched":0,"total":0,"unchecked":0,"uncheckedKeysByFile":[],"unmatched":0,"updated":0,"didUpdate":false},"startTime":1775950385989,"success":false,"testResults":[{"assertionResults":[{"ancestorTitles":["package root exports"],"fullName":"package root exports re-exports the SDK surface","status":"passed","title":"re-exports the SDK surface","duration":2.476600000000019,"failureMessages":[],"meta":{},"tags":[]}],"startTime":1775950412775,"endTime":1775950412777.4766,"status":"passed","message":"","name":"D:/Visual Studio Projects/prompt-language/src/index.test.ts"},{"assertionResults":[{"ancestorTitles":["SDK exports: parseFlow"],"fullName":"SDK exports: parseFlow is a function","status":"passed","title":"is a function","duration":2.6690000000000964,"failureMessages":[],"meta":{},"tags":[]},{"ancestorTitles":["SDK exports: parseFlow"],"fullName":"SDK exports: parseFlow parses a minimal flow and returns a FlowSpec","status":"passed","title":"parses a minimal flow and returns a FlowSpec","duration":5.628000000000043,"failureMessages":[],"meta":{},"tags":[]},{"ancestorTitles":["SDK exports: parseFlow"],"fullName":"SDK exports: parseFlow parses a flow with a done-when gate","status":"passed","title":"parses a flow with a done-when gate","duration":2.4769000000000005,"failureMessages":[],"meta":{},"tags":[]},{"ancestorTitles":["SDK exports: createSessionState"],"fullName":"SDK exports: createSessionState is a function","status":"passed","title":"is a function","duration":0.2898999999999887,"failureMessages":[],"meta":{},"tags":[]},{"ancestorTitles":["SDK exports: createSessionState"],"fullName":"SDK exports: createSessionState creates a session with active status","status":"passed","title":"creates a session with active status","duration":1.1723000000000638,"failureMessages":[],"meta":{},"tags":[]},{"ancestorTitles":["SDK exports: createSession alias"],"fullName":"SDK exports: createSession alias is the same function as createSessionState","status":"passed","title":"is the same function as createSessionState","duration":0.34389999999996235,"failureMessages":[],"meta":{},"tags":[]},{"ancestorTitles":["SDK exports: renderFlow"],"fullName":"SDK exports: renderFlow is a function","status":"passed","title":"is a function","duration":0.28569999999990614,"failureMessages":[],"meta":{},"tags":[]},{"ancestorTitles":["SDK exports: renderFlow"],"fullName":"SDK exports: renderFlow returns a non-empty string for a valid session","status":"passed","title":"returns a non-empty string for a valid session","duration":1.5880999999999403,"failureMessages":[],"meta":{},"tags":[]},{"ancestorTitles":["SDK exports: renderFlowCompact"],"fullName":"SDK exports: renderFlowCompact is a function","status":"passed","title":"is a function","duration":1.911200000000008,"failureMessages":[],"meta":{},"tags":[]},{"ancestorTitles":["SDK exports: renderFlowSummary"],"fullName":"SDK exports: renderFlowSummary is a function","status":"passed","title":"is a function","duration":0.34180000000003474,"failureMessages":[],"meta":{},"tags":[]},{"ancestorTitles":["SDK exports: lintFlow"],"fullName":"SDK exports: lintFlow is a function","status":"passed","title":"is a function","duration":0.5000999999999749,"failureMessages":[],"meta":{},"tags":[]},{"ancestorTitles":["SDK exports: lintFlow"],"fullName":"SDK exports: lintFlow returns an empty array for a clean flow","status":"passed","title":"returns an empty array for a clean flow","duration":2.711500000000001,"failureMessages":[],"meta":{},"tags":[]},{"ancestorTitles":["SDK exports: advanceFlow"],"fullName":"SDK exports: advanceFlow is a function","status":"passed","title":"is a function","duration":0.3385999999999285,"failureMessages":[],"meta":{},"tags":[]},{"ancestorTitles":["SDK exports: evaluateGates"],"fullName":"SDK exports: evaluateGates is a function","status":"passed","title":"is a function","duration":1.63900000000001,"failureMessages":[],"meta":{},"tags":[]}],"startTime":1775950386940,"endTime":1775950386964.639,"status":"passed","message":"","name":"D:/Visual Studio Projects/prompt-language/src/sdk.test.ts"},{"assertionResults":[{"ancestorTitles":["advanceApproveNode"],"fullName":"advanceApproveNode returns kind:prompt with approval message when no reply given","status":"passed","title":"returns kind:prompt with approval message when no reply given","duration":3.6528999999999883,"failureMessages":[],"meta":{},"tags":[]},{"ancestorTitles":["advanceApproveNode"],"fullName":"advanceApproveNode includes timeoutSeconds in the node when provided","status":"passed","title":"includes timeoutSeconds in the node when provided","duration":0.39809999999999945,"failureMessages":[],"meta":{},"tags":[]},{"ancestorTitles":["advanceApproveNode"],"fullName":"advanceApproveNode given \"yes\" reply sets approve_rejected=false and advances","status":"passed","title":"given \"yes\" reply sets approve_rejected=false and advances","duration":1.0411000000000286,"failureMessages":[],"meta":{},"tags":[]},{"ancestorTitles":["advanceApproveNode"],"fullName":"advanceApproveNode given \"approved\" (alias) sets approve_rejected=false and advances","status":"passed","title":"given \"approved\" (alias) sets approve_rejected=false and advances","duration":0.5381999999999607,"failureMessages":[],"meta":{},"tags":[]},{"ancestorTitles":["advanceApproveNode"],"fullName":"advanceApproveNode given \"no\" reply sets approve_rejected=true and advances","status":"passed","title":"given \"no\" reply sets approve_rejected=true and advances","duration":1.2597999999999843,"failureMessages":[],"meta":{},"tags":[]},{"ancestorTitles":["advanceApproveNode"],"fullName":"advanceApproveNode given \"reject\" (alias) sets approve_rejected=true and advances","status":"passed","title":"given \"reject\" (alias) sets approve_rejected=true and advances","duration":0.5943999999999505,"failureMessages":[],"meta":{},"tags":[]},{"ancestorTitles":["advanceApproveNode"],"fullName":"advanceApproveNode given unrecognised reply re-prompts without advancing","status":"passed","title":"given unrecognised reply re-prompts without advancing","duration":0.40620000000001255,"failureMessages":[],"meta":{},"tags":[]},{"ancestorTitles":["advanceApproveNode"],"fullName":"advanceApproveNode timeoutSeconds auto-advances as approved after expiry","status":"passed","title":"timeoutSeconds auto-advances as approved after expiry","duration":0.5792999999999893,"failureMessages":[],"meta":{},"tags":[]},{"ancestorTitles":["advanceApproveNode"],"fullName":"advanceApproveNode yes reply with leading whitespace is normalised","status":"passed","title":"yes reply with leading whitespace is normalised","duration":0.7860000000000014,"failureMessages":[],"meta":{},"tags":[]},{"ancestorTitles":["autoAdvanceNodes — approve node"],"fullName":"autoAdvanceNodes — approve node emits prompt from approve node on first call","status":"passed","title":"emits prompt from approve node on first call","duration":1.658200000000022,"failureMessages":[],"meta":{},"tags":[]},{"ancestorTitles":["autoAdvanceNodes — review node"],"fullName":"autoAdvanceNodes — review node enters review body on first advance","status":"passed","title":"enters review body on first advance","duration":1.1759000000000128,"failureMessages":[],"meta":{},"tags":[]},{"ancestorTitles":["autoAdvanceNodes — review node"],"fullName":"autoAdvanceNodes — review node without grounded-by: completes after body exhaustion on round 1","status":"passed","title":"without grounded-by: completes after body exhaustion on round 1","duration":1.5552000000000135,"failureMessages":[],"meta":{},"tags":[]},{"ancestorTitles":["autoAdvanceNodes — review node"],"fullName":"autoAdvanceNodes — review node with grounded-by exiting 0: completes after body exhaustion","status":"passed","title":"with grounded-by exiting 0: completes after body exhaustion","duration":1.6368000000000507,"failureMessages":[],"meta":{},"tags":[]},{"ancestorTitles":["autoAdvanceNodes — review node"],"fullName":"autoAdvanceNodes — review node with grounded-by exiting non-zero: re-loops body and sets _review_critique","status":"passed","title":"with grounded-by exiting non-zero: re-loops body and sets _review_critique","duration":0.9241999999999848,"failureMessages":[],"meta":{},"tags":[]},{"ancestorTitles":["autoAdvanceNodes — review node"],"fullName":"autoAdvanceNodes — review node with criteria: includes criteria text in critique prompt","status":"passed","title":"with criteria: includes criteria text in critique prompt","duration":0.5498999999999796,"failureMessages":[],"meta":{},"tags":[]},{"ancestorTitles":["autoAdvanceNodes — review node"],"fullName":"autoAdvanceNodes — review node with grounded-by but no command runner: stores abstain verdict and re-loops","status":"passed","title":"with grounded-by but no command runner: stores abstain verdict and re-loops","duration":0.6180000000000518,"failureMessages":[],"meta":{},"tags":[]},{"ancestorTitles":["autoAdvanceNodes — review node"],"fullName":"autoAdvanceNodes — review node with named judge: emits a JSON capture prompt after body exhaustion","status":"passed","title":"with named judge: emits a JSON capture prompt after body exhaustion","duration":2.714800000000025,"failureMessages":[],"meta":{},"tags":[]},{"ancestorTitles":["autoAdvanceNodes — review node"],"fullName":"autoAdvanceNodes — review node with named judge captured pass JSON: persists verdict and advances","status":"passed","title":"with named judge captured pass JSON: persists verdict and advances","duration":1.327099999999973,"failureMessages":[],"meta":{},"tags":[]},{"ancestorTitles":["autoAdvanceNodes — review node"],"fullName":"autoAdvanceNodes — review node with named judge invalid JSON: retries the judge capture prompt","status":"passed","title":"with named judge invalid JSON: retries the judge capture prompt","duration":1.0265999999999735,"failureMessages":[],"meta":{},"tags":[]},{"ancestorTitles":["autoAdvanceNodes — review node"],"fullName":"autoAdvanceNodes — review node max rounds exhausted: advances past non-strict review node","status":"passed","title":"max rounds exhausted: advances past non-strict review node","duration":1.4215999999999553,"failureMessages":[],"meta":{},"tags":[]},{"ancestorTitles":["autoAdvanceNodes — review node"],"fullName":"autoAdvanceNodes — review node strict review fails closed when rounds are exhausted","status":"passed","title":"strict review fails closed when rounds are exhausted","duration":0.9086999999999534,"failureMessages":[],"meta":{},"tags":[]},{"ancestorTitles":["autoAdvanceNodes — race node"],"fullName":"autoAdvanceNodes — race node without processSpawner: sets race_winner to empty string and advances","status":"passed","title":"without processSpawner: sets race_winner to empty string and advances","duration":1.6037000000000035,"failureMessages":[],"meta":{},"tags":[]},{"ancestorTitles":["autoAdvanceNodes — race node"],"fullName":"autoAdvanceNodes — race node launches all children on first advance and returns pause","status":"passed","title":"launches all children on first advance and returns pause","duration":1002.014,"failureMessages":[],"meta":{},"tags":[]},{"ancestorTitles":["autoAdvanceNodes — race node"],"fullName":"autoAdvanceNodes — race node when first child completes on poll: sets race_winner to child name","status":"passed","title":"when first child completes on poll: sets race_winner to child name","duration":2.198699999999917,"failureMessages":[],"meta":{},"tags":[]},{"ancestorTitles":["autoAdvanceNodes — race node"],"fullName":"autoAdvanceNodes — race node when all children fail: sets race_winner to empty string","status":"passed","title":"when all children fail: sets race_winner to empty string","duration":0.540000000000191,"failureMessages":[],"meta":{},"tags":[]},{"ancestorTitles":["autoAdvanceNodes — race node"],"fullName":"autoAdvanceNodes — race node poll limit: times out after MAX_AWAIT_POLLS when children keep running","status":"passed","title":"poll limit: times out after MAX_AWAIT_POLLS when children keep running","duration":0.9679000000000997,"failureMessages":[],"meta":{},"tags":[]},{"ancestorTitles":["autoAdvanceNodes — race node"],"fullName":"autoAdvanceNodes — race node wall-clock timeout: sets race_winner to empty string with warning","status":"passed","title":"wall-clock timeout: sets race_winner to empty string with warning","duration":0.5606999999999971,"failureMessages":[],"meta":{},"tags":[]},{"ancestorTitles":["autoAdvanceNodes — race node"],"fullName":"autoAdvanceNodes — race node failed child spawn adds warning and does not add to child names","status":"passed","title":"failed child spawn adds warning and does not add to child names","duration":1006.9325000000001,"failureMessages":[],"meta":{},"tags":[]},{"ancestorTitles":[],"fullName":"continues polling when children still running (returns pause on second call)","status":"passed","title":"continues polling when children still running (returns pause on second call)","duration":2017.3728999999998,"failureMessages":[],"meta":{},"tags":[]},{"ancestorTitles":["autoAdvanceNodes — foreach-spawn node"],"fullName":"autoAdvanceNodes — foreach-spawn node without processSpawner: advances past node without spawning","status":"passed","title":"without processSpawner: advances past node without spawning","duration":2.5752999999995154,"failureMessages":[],"meta":{},"tags":[]},{"ancestorTitles":["autoAdvanceNodes — foreach-spawn node"],"fullName":"autoAdvanceNodes — foreach-spawn node spawns one child per list item and sets loop variable","status":"passed","title":"spawns one child per list item and sets loop variable","duration":0.9612999999999374,"failureMessages":[],"meta":{},"tags":[]},{"ancestorTitles":["autoAdvanceNodes — foreach-spawn node"],"fullName":"autoAdvanceNodes — foreach-spawn node respects maxItems cap","status":"passed","title":"respects maxItems cap","duration":0.5658999999996013,"failureMessages":[],"meta":{},"tags":[]},{"ancestorTitles":["autoAdvanceNodes — foreach-spawn node"],"fullName":"autoAdvanceNodes — foreach-spawn node failed spawn emits warning and marks child as failed","status":"passed","title":"failed spawn emits warning and marks child as failed","duration":0.4918999999999869,"failureMessages":[],"meta":{},"tags":[]},{"ancestorTitles":["autoAdvanceNodes — remember node"],"fullName":"autoAdvanceNodes — remember node text form: calls memoryStore.append with text field","status":"passed","title":"text form: calls memoryStore.append with text field","duration":1.2690000000002328,"failureMessages":[],"meta":{},"tags":[]},{"ancestorTitles":["autoAdvanceNodes — remember node"],"fullName":"autoAdvanceNodes — remember node key-value form: calls memoryStore.append with key and value","status":"passed","title":"key-value form: calls memoryStore.append with key and value","duration":0.5516999999999825,"failureMessages":[],"meta":{},"tags":[]},{"ancestorTitles":["autoAdvanceNodes — remember node"],"fullName":"autoAdvanceNodes — remember node interpolates variables in text","status":"passed","title":"interpolates variables in text","duration":1.9378999999998996,"failureMessages":[],"meta":{},"tags":[]},{"ancestorTitles":["autoAdvanceNodes — remember node"],"fullName":"autoAdvanceNodes — remember node interpolates variables in value","status":"passed","title":"interpolates variables in value","duration":0.5028000000002066,"failureMessages":[],"meta":{},"tags":[]},{"ancestorTitles":["autoAdvanceNodes — remember node"],"fullName":"autoAdvanceNodes — remember node auto-advances past remember node","status":"passed","title":"auto-advances past remember node","duration":0.4588999999996304,"failureMessages":[],"meta":{},"tags":[]},{"ancestorTitles":["autoAdvanceNodes — remember node"],"fullName":"autoAdvanceNodes — remember node without memoryStore: still advances past node","status":"passed","title":"without memoryStore: still advances past node","duration":0.9090000000005602,"failureMessages":[],"meta":{},"tags":[]},{"ancestorTitles":["autoAdvanceNodes — memory let source"],"fullName":"autoAdvanceNodes — memory let source reads a stored key and advances","status":"passed","title":"reads a stored key and advances","duration":0.6980000000003201,"failureMessages":[],"meta":{},"tags":[]},{"ancestorTitles":["autoAdvanceNodes — memory let source"],"fullName":"autoAdvanceNodes — memory let source without memoryStore: stores empty string and advances","status":"passed","title":"without memoryStore: stores empty string and advances","duration":0.5261000000000422,"failureMessages":[],"meta":{},"tags":[]},{"ancestorTitles":["autoAdvanceNodes — send node"],"fullName":"autoAdvanceNodes — send node calls messageStore.send with target and message","status":"passed","title":"calls messageStore.send with target and message","duration":0.8161000000000058,"failureMessages":[],"meta":{},"tags":[]},{"ancestorTitles":["autoAdvanceNodes — send node"],"fullName":"autoAdvanceNodes — send node interpolates variables in message","status":"passed","title":"interpolates variables in message","duration":0.5407999999997628,"failureMessages":[],"meta":{},"tags":[]},{"ancestorTitles":["autoAdvanceNodes — send node"],"fullName":"autoAdvanceNodes — send node auto-advances past send node","status":"passed","title":"auto-advances past send node","duration":0.7119999999995343,"failureMessages":[],"meta":{},"tags":[]},{"ancestorTitles":["autoAdvanceNodes — send node"],"fullName":"autoAdvanceNodes — send node without messageStore: still advances past node","status":"passed","title":"without messageStore: still advances past node","duration":0.47450000000026193,"failureMessages":[],"meta":{},"tags":[]},{"ancestorTitles":["autoAdvanceNodes — receive node"],"fullName":"autoAdvanceNodes — receive node when message available: stores in variable and advances","status":"passed","title":"when message available: stores in variable and advances","duration":0.756800000000112,"failureMessages":[],"meta":{},"tags":[]},{"ancestorTitles":["autoAdvanceNodes — receive node"],"fullName":"autoAdvanceNodes — receive node first call with no message: returns kind:advance with pause internally, records progress","status":"passed","title":"first call with no message: returns kind:advance with pause internally, records progress","duration":0.5010000000002037,"failureMessages":[],"meta":{},"tags":[]},{"ancestorTitles":["autoAdvanceNodes — receive node"],"fullName":"autoAdvanceNodes — receive node second call with still no message: does not double-record progress","status":"passed","title":"second call with still no message: does not double-record progress","duration":1.2547999999997046,"failureMessages":[],"meta":{},"tags":[]},{"ancestorTitles":["autoAdvanceNodes — receive node"],"fullName":"autoAdvanceNodes — receive node without messageStore: stores empty string and advances","status":"passed","title":"without messageStore: stores empty string and advances","duration":0.43949999999949796,"failureMessages":[],"meta":{},"tags":[]},{"ancestorTitles":["autoAdvanceNodes — receive node"],"fullName":"autoAdvanceNodes — receive node timeout: stores empty string and advances when elapsed >= timeoutSeconds","status":"passed","title":"timeout: stores empty string and advances when elapsed >= timeoutSeconds","duration":0.5665999999991982,"failureMessages":[],"meta":{},"tags":[]},{"ancestorTitles":["autoAdvanceNodes — receive node"],"fullName":"autoAdvanceNodes — receive node receive uses specified from source","status":"passed","title":"receive uses specified from source","duration":0.44909999999981665,"failureMessages":[],"meta":{},"tags":[]},{"ancestorTitles":["autoAdvanceNodes — condition-loop wall-clock timeout"],"fullName":"autoAdvanceNodes — condition-loop wall-clock timeout exits a while loop when timeoutSeconds elapses","status":"passed","title":"exits a while loop when timeoutSeconds elapses","duration":2.228700000000572,"failureMessages":[],"meta":{},"tags":[]}],"startTime":1775950402244,"endTime":1775950406324.2288,"status":"passed","message":"","name":"D:/Visual Studio Projects/prompt-language/src/application/advance-flow-new-nodes.test.ts"},{"assertionResults":[{"ancestorTitles":["advance-flow edge cases"],"fullName":"advance-flow edge cases skips an empty foreach body and reaches the next prompt","status":"passed","title":"skips an empty foreach body and reaches the next prompt","duration":5.349699999999984,"failureMessages":[],"meta":{},"tags":[]},{"ancestorTitles":["advance-flow edge cases"],"fullName":"advance-flow edge cases runs a while body once when maxIterations is 1","status":"passed","title":"runs a while body once when maxIterations is 1","duration":5.223799999999983,"failureMessages":[],"meta":{},"tags":[]},{"ancestorTitles":["advance-flow edge cases"],"fullName":"advance-flow edge cases runs a retry body once when maxAttempts is 1","status":"passed","title":"runs a retry body once when maxAttempts is 1","duration":2.741800000000012,"failureMessages":[],"meta":{},"tags":[]},{"ancestorTitles":["advance-flow edge cases"],"fullName":"advance-flow edge cases break outside a loop advances to the following node","status":"passed","title":"break outside a loop advances to the following node","duration":0.8069999999999027,"failureMessages":[],"meta":{},"tags":[]},{"ancestorTitles":["advance-flow edge cases"],"fullName":"advance-flow edge cases continue outside a loop advances to the following node","status":"passed","title":"continue outside a loop advances to the following node","duration":0.6838000000000193,"failureMessages":[],"meta":{},"tags":[]},{"ancestorTitles":["advance-flow edge cases"],"fullName":"advance-flow edge cases breaks out of a loop immediately without executing the rest of the body","status":"passed","title":"breaks out of a loop immediately without executing the rest of the body","duration":0.8943000000000438,"failureMessages":[],"meta":{},"tags":[]},{"ancestorTitles":["advance-flow edge cases"],"fullName":"advance-flow edge cases continue at the end of a loop re-enters once per item without double-executing","status":"passed","title":"continue at the end of a loop re-enters once per item without double-executing","duration":1.370900000000006,"failureMessages":[],"meta":{},"tags":[]},{"ancestorTitles":["advance-flow edge cases"],"fullName":"advance-flow edge cases tracks nested foreach indices while walking three nested body paths","status":"passed","title":"tracks nested foreach indices while walking three nested body paths","duration":1.5167999999999893,"failureMessages":[],"meta":{},"tags":[]},{"ancestorTitles":["advance-flow edge cases"],"fullName":"advance-flow edge cases falls through a try body when there is no catch or finally branch","status":"passed","title":"falls through a try body when there is no catch or finally branch","duration":1.2934999999999945,"failureMessages":[],"meta":{},"tags":[]},{"ancestorTitles":["advance-flow edge cases"],"fullName":"advance-flow edge cases marks the flow failed when a try body fails with no catch or finally branch","status":"passed","title":"marks the flow failed when a try body fails with no catch or finally branch","duration":1.4108999999999696,"failureMessages":[],"meta":{},"tags":[]},{"ancestorTitles":["advance-flow edge cases"],"fullName":"advance-flow edge cases skips an if node with no else branch when the condition is false","status":"passed","title":"skips an if node with no else branch when the condition is false","duration":1.4565999999999804,"failureMessages":[],"meta":{},"tags":[]},{"ancestorTitles":["advance-flow edge cases"],"fullName":"advance-flow edge cases spawns a child with an explicit empty variable scope","status":"passed","title":"spawns a child with an explicit empty variable scope","duration":5.002399999999966,"failureMessages":[],"meta":{},"tags":[]},{"ancestorTitles":["advance-flow edge cases"],"fullName":"advance-flow edge cases stores an empty string literal in let nodes","status":"passed","title":"stores an empty string literal in let nodes","duration":1.1761999999999944,"failureMessages":[],"meta":{},"tags":[]},{"ancestorTitles":["advance-flow edge cases"],"fullName":"advance-flow edge cases completes an empty flow immediately","status":"passed","title":"completes an empty flow immediately","duration":0.34130000000004657,"failureMessages":[],"meta":{},"tags":[]},{"ancestorTitles":["advance-flow edge cases"],"fullName":"advance-flow edge cases captures and then completes a single-prompt flow","status":"passed","title":"captures and then completes a single-prompt flow","duration":0.4379999999999882,"failureMessages":[],"meta":{},"tags":[]},{"ancestorTitles":["advance-flow edge cases"],"fullName":"advance-flow edge cases walks a deterministic long nested flow without drifting across branch or finally boundaries","status":"passed","title":"walks a deterministic long nested flow without drifting across branch or finally boundaries","duration":2.9026999999999816,"failureMessages":[],"meta":{},"tags":[]}],"startTime":1775950410397,"endTime":1775950410430.9026,"status":"passed","message":"","name":"D:/Visual Studio Projects/prompt-language/src/application/advance-flow.edge-cases.test.ts"},{"assertionResults":[{"ancestorTitles":["resolveCurrentNode"],"fullName":"resolveCurrentNode returns null for empty path","status":"passed","title":"returns null for empty path","duration":2.552000000000021,"failureMessages":[],"meta":{},"tags":[]},{"ancestorTitles":["resolveCurrentNode"],"fullName":"resolveCurrentNode resolves top-level node at index 0","status":"passed","title":"resolves top-level node at index 0","duration":0.538599999999974,"failureMessages":[],"meta":{},"tags":[]},{"ancestorTitles":["resolveCurrentNode"],"fullName":"resolveCurrentNode resolves top-level node at higher index","status":"passed","title":"resolves top-level node at higher index","duration":0.2779000000000451,"failureMessages":[],"meta":{},"tags":[]},{"ancestorTitles":["resolveCurrentNode"],"fullName":"resolveCurrentNode returns null for out-of-bounds index","status":"passed","title":"returns null for out-of-bounds index","duration":0.32159999999998945,"failureMessages":[],"meta":{},"tags":[]},{"ancestorTitles":["resolveCurrentNode"],"fullName":"resolveCurrentNode resolves child inside while body","status":"passed","title":"resolves child inside while body","duration":0.3731999999999971,"failureMessages":[],"meta":{},"tags":[]},{"ancestorTitles":["resolveCurrentNode"],"fullName":"resolveCurrentNode resolves child inside until body","status":"passed","title":"resolves child inside until body","duration":0.3586999999999989,"failureMessages":[],"meta":{},"tags":[]},{"ancestorTitles":["resolveCurrentNode"],"fullName":"resolveCurrentNode resolves child inside retry body","status":"passed","title":"resolves child inside retry body","duration":0.39809999999999945,"failureMessages":[],"meta":{},"tags":[]},{"ancestorTitles":["resolveCurrentNode"],"fullName":"resolveCurrentNode resolves child inside foreach body","status":"passed","title":"resolves child inside foreach body","duration":0.3141999999999143,"failureMessages":[],"meta":{},"tags":[]},{"ancestorTitles":["resolveCurrentNode"],"fullName":"resolveCurrentNode resolves child inside if thenBranch","status":"passed","title":"resolves child inside if thenBranch","duration":0.8736000000000104,"failureMessages":[],"meta":{},"tags":[]},{"ancestorTitles":["resolveCurrentNode"],"fullName":"resolveCurrentNode resolves child inside if elseBranch","status":"passed","title":"resolves child inside if elseBranch","duration":0.3836000000000013,"failureMessages":[],"meta":{},"tags":[]},{"ancestorTitles":["resolveCurrentNode"],"fullName":"resolveCurrentNode resolves child inside try body","status":"passed","title":"resolves child inside try body","duration":0.3809999999999718,"failureMessages":[],"meta":{},"tags":[]},{"ancestorTitles":["resolveCurrentNode"],"fullName":"resolveCurrentNode resolves child inside try catchBody","status":"passed","title":"resolves child inside try catchBody","duration":0.2238999999999578,"failureMessages":[],"meta":{},"tags":[]},{"ancestorTitles":["resolveCurrentNode"],"fullName":"resolveCurrentNode resolves deeply nested node (while > if > prompt)","status":"passed","title":"resolves deeply nested node (while > if > prompt)","duration":0.18700000000001182,"failureMessages":[],"meta":{},"tags":[]},{"ancestorTitles":["resolveCurrentNode"],"fullName":"resolveCurrentNode returns null for leaf node with deeper path","status":"passed","title":"returns null for leaf node with deeper path","duration":0.1716000000000122,"failureMessages":[],"meta":{},"tags":[]},{"ancestorTitles":["resolveCurrentNode"],"fullName":"resolveCurrentNode returns null for run node with deeper path","status":"passed","title":"returns null for run node with deeper path","duration":0.15619999999989886,"failureMessages":[],"meta":{},"tags":[]},{"ancestorTitles":["resolveCurrentNode"],"fullName":"resolveCurrentNode returns null for let node with deeper path","status":"passed","title":"returns null for let node with deeper path","duration":0.31399999999996453,"failureMessages":[],"meta":{},"tags":[]},{"ancestorTitles":["advancePath"],"fullName":"advancePath returns [0] for empty path","status":"passed","title":"returns [0] for empty path","duration":0.9805999999999813,"failureMessages":[],"meta":{},"tags":[]},{"ancestorTitles":["advancePath"],"fullName":"advancePath increments last element of single-element path","status":"passed","title":"increments last element of single-element path","duration":0.2115999999999758,"failureMessages":[],"meta":{},"tags":[]},{"ancestorTitles":["advancePath"],"fullName":"advancePath increments last element preserving prefix","status":"passed","title":"increments last element preserving prefix","duration":0.18989999999996598,"failureMessages":[],"meta":{},"tags":[]},{"ancestorTitles":["findTryCatchJump"],"fullName":"findTryCatchJump returns null when no try ancestor exists","status":"passed","title":"returns null when no try ancestor exists","duration":0.24549999999999272,"failureMessages":[],"meta":{},"tags":[]},{"ancestorTitles":["findTryCatchJump"],"fullName":"findTryCatchJump returns null for top-level path","status":"passed","title":"returns null for top-level path","duration":0.15589999999997417,"failureMessages":[],"meta":{},"tags":[]},{"ancestorTitles":["findTryCatchJump"],"fullName":"findTryCatchJump returns catch jump target for failed run in try body","status":"passed","title":"returns catch jump target for failed run in try body","duration":0.21609999999998308,"failureMessages":[],"meta":{},"tags":[]},{"ancestorTitles":["findTryCatchJump"],"fullName":"findTryCatchJump returns null when try has no catch body","status":"passed","title":"returns null when try has no catch body","duration":0.16070000000001983,"failureMessages":[],"meta":{},"tags":[]},{"ancestorTitles":["findTryCatchJump"],"fullName":"findTryCatchJump returns null when path is in catch body (not try body)","status":"passed","title":"returns null when path is in catch body (not try body)","duration":0.18640000000004875,"failureMessages":[],"meta":{},"tags":[]},{"ancestorTitles":["findTryCatchJump"],"fullName":"findTryCatchJump finds catch target in nested try/catch","status":"passed","title":"finds catch target in nested try/catch","duration":0.3606999999999516,"failureMessages":[],"meta":{},"tags":[]},{"ancestorTitles":["findTryCatchJump"],"fullName":"findTryCatchJump falls through to outer try when inner try has no catch","status":"passed","title":"falls through to outer try when inner try has no catch","duration":0.23270000000002256,"failureMessages":[],"meta":{},"tags":[]},{"ancestorTitles":["evaluateFlowCondition"],"fullName":"evaluateFlowCondition resolves condition from variables (true)","status":"passed","title":"resolves condition from variables (true)","duration":0.9828999999999724,"failureMessages":[],"meta":{},"tags":[]},{"ancestorTitles":["evaluateFlowCondition"],"fullName":"evaluateFlowCondition resolves condition from variables (false)","status":"passed","title":"resolves condition from variables (false)","duration":0.4477000000000544,"failureMessages":[],"meta":{},"tags":[]},{"ancestorTitles":["evaluateFlowCondition"],"fullName":"evaluateFlowCondition returns null when variable not found and no command runner","status":"passed","title":"returns null when variable not found and no command runner","duration":0.2338999999999487,"failureMessages":[],"meta":{},"tags":[]},{"ancestorTitles":["evaluateFlowCondition"],"fullName":"evaluateFlowCondition falls back to command execution for builtin predicate","status":"passed","title":"falls back to command execution for builtin predicate","duration":1.4073999999999387,"failureMessages":[],"meta":{},"tags":[]},{"ancestorTitles":["evaluateFlowCondition"],"fullName":"evaluateFlowCondition handles inverted predicate (tests_fail) correctly","status":"passed","title":"handles inverted predicate (tests_fail) correctly","duration":0.6916999999999689,"failureMessages":[],"meta":{},"tags":[]},{"ancestorTitles":["evaluateFlowCondition"],"fullName":"evaluateFlowCondition returns null when predicate is unknown and variable is missing","status":"passed","title":"returns null when predicate is unknown and variable is missing","duration":0.21649999999999636,"failureMessages":[],"meta":{},"tags":[]},{"ancestorTitles":["evaluateFlowCondition"],"fullName":"evaluateFlowCondition emits level-2 condition diagnostics only when debug level is 2+","status":"passed","title":"emits level-2 condition diagnostics only when debug level is 2+","duration":4.569899999999961,"failureMessages":[],"meta":{},"tags":[]},{"ancestorTitles":["evaluateFlowCondition"],"fullName":"evaluateFlowCondition emits level-3 gate diagnostics for builtin condition commands only at debug level 3","status":"passed","title":"emits level-3 gate diagnostics for builtin condition commands only at debug level 3","duration":1.4568000000000438,"failureMessages":[],"meta":{},"tags":[]},{"ancestorTitles":["autoAdvanceNodes — body exhaustion"],"fullName":"autoAdvanceNodes — body exhaustion re-loops while when condition stays true","status":"passed","title":"re-loops while when condition stays true","duration":2.995400000000018,"failureMessages":[],"meta":{},"tags":[]},{"ancestorTitles":["autoAdvanceNodes — body exhaustion"],"fullName":"autoAdvanceNodes — body exhaustion exits while when condition becomes false","status":"passed","title":"exits while when condition becomes false","duration":0.47260000000005675,"failureMessages":[],"meta":{},"tags":[]},{"ancestorTitles":["autoAdvanceNodes — body exhaustion"],"fullName":"autoAdvanceNodes — body exhaustion re-loops until when condition stays false","status":"passed","title":"re-loops until when condition stays false","duration":0.5404000000000906,"failureMessages":[],"meta":{},"tags":[]},{"ancestorTitles":["autoAdvanceNodes — body exhaustion"],"fullName":"autoAdvanceNodes — body exhaustion exits until when condition becomes true","status":"passed","title":"exits until when condition becomes true","duration":0.39800000000002456,"failureMessages":[],"meta":{},"tags":[]},{"ancestorTitles":["autoAdvanceNodes — body exhaustion"],"fullName":"autoAdvanceNodes — body exhaustion re-loops retry when command_failed is true","status":"passed","title":"re-loops retry when command_failed is true","duration":1.7953999999999724,"failureMessages":[],"meta":{},"tags":[]},{"ancestorTitles":["autoAdvanceNodes — body exhaustion"],"fullName":"autoAdvanceNodes — body exhaustion exits retry at max attempts even when command_failed","status":"passed","title":"exits retry at max attempts even when command_failed","duration":0.5480999999999767,"failureMessages":[],"meta":{},"tags":[]},{"ancestorTitles":["autoAdvanceNodes — body exhaustion"],"fullName":"autoAdvanceNodes — body exhaustion advances past if when body exhausted","status":"passed","title":"advances past if when body exhausted","duration":0.3427000000000362,"failureMessages":[],"meta":{},"tags":[]},{"ancestorTitles":["autoAdvanceNodes — body exhaustion"],"fullName":"autoAdvanceNodes — body exhaustion advances past try when body/catch exhausted","status":"passed","title":"advances past try when body/catch exhausted","duration":0.3021999999999707,"failureMessages":[],"meta":{},"tags":[]},{"ancestorTitles":["autoAdvanceNodes — progress notifications"],"fullName":"autoAdvanceNodes — progress notifications writes overall step progress to stderr when PROMPT_LANGUAGE_PROGRESS=1","status":"passed","title":"writes overall step progress to stderr when PROMPT_LANGUAGE_PROGRESS=1","duration":0.8048000000000002,"failureMessages":[],"meta":{},"tags":[]},{"ancestorTitles":["autoAdvanceNodes — progress notifications"],"fullName":"autoAdvanceNodes — progress notifications writes loop iteration completion and branch decisions when PROMPT_LANGUAGE_PROGRESS=1","status":"passed","title":"writes loop iteration completion and branch decisions when PROMPT_LANGUAGE_PROGRESS=1","duration":2.11220000000003,"failureMessages":[],"meta":{},"tags":[]},{"ancestorTitles":["autoAdvanceNodes — progress notifications"],"fullName":"autoAdvanceNodes — progress notifications does not write progress notifications when PROMPT_LANGUAGE_PROGRESS is unset","status":"passed","title":"does not write progress notifications when PROMPT_LANGUAGE_PROGRESS is unset","duration":0.8223000000000411,"failureMessages":[],"meta":{},"tags":[]},{"ancestorTitles":["autoAdvanceNodes — context profiles"],"fullName":"autoAdvanceNodes — context profiles prepends merged profile context to prompt nodes and exposes the resolved model","status":"passed","title":"prepends merged profile context to prompt nodes and exposes the resolved model","duration":0.9279000000000224,"failureMessages":[],"meta":{},"tags":[]},{"ancestorTitles":["autoAdvanceNodes — context profiles"],"fullName":"autoAdvanceNodes — context profiles prepends profile context to ask prompts","status":"passed","title":"prepends profile context to ask prompts","duration":1.0383000000000493,"failureMessages":[],"meta":{},"tags":[]},{"ancestorTitles":["autoAdvanceNodes — foreach"],"fullName":"autoAdvanceNodes — foreach caps iterations at maxIterations on entry","status":"passed","title":"caps iterations at maxIterations on entry","duration":0.8643999999999323,"failureMessages":[],"meta":{},"tags":[]},{"ancestorTitles":["autoAdvanceNodes — foreach"],"fullName":"autoAdvanceNodes — foreach skips foreach with empty list","status":"passed","title":"skips foreach with empty list","duration":0.36549999999999727,"failureMessages":[],"meta":{},"tags":[]},{"ancestorTitles":["autoAdvanceNodes — foreach"],"fullName":"autoAdvanceNodes — foreach advances foreach through all items via body exhaustion","status":"passed","title":"advances foreach through all items via body exhaustion","duration":0.9705999999999904,"failureMessages":[],"meta":{},"tags":[]},{"ancestorTitles":["autoAdvanceNodes — condition loop entry"],"fullName":"autoAdvanceNodes — condition loop entry while enters body when condition true via builtin command","status":"passed","title":"while enters body when condition true via builtin command","duration":1.4162000000000035,"failureMessages":[],"meta":{},"tags":[]},{"ancestorTitles":["autoAdvanceNodes — condition loop entry"],"fullName":"autoAdvanceNodes — condition loop entry until enters body when condition false","status":"passed","title":"until enters body when condition false","duration":0.38400000000001455,"failureMessages":[],"meta":{},"tags":[]},{"ancestorTitles":["autoAdvanceNodes — condition loop entry"],"fullName":"autoAdvanceNodes — condition loop entry while returns null capturedPrompt when condition unresolvable","status":"passed","title":"while returns null capturedPrompt when condition unresolvable","duration":0.28330000000005384,"failureMessages":[],"meta":{},"tags":[]},{"ancestorTitles":["maybeCompleteFlow"],"fullName":"maybeCompleteFlow does not complete when status is not active","status":"passed","title":"does not complete when status is not active","duration":0.21659999999997126,"failureMessages":[],"meta":{},"tags":[]},{"ancestorTitles":["maybeCompleteFlow"],"fullName":"maybeCompleteFlow does not complete when inside a control-flow scope","status":"passed","title":"does not complete when inside a control-flow scope","duration":0.20429999999998927,"failureMessages":[],"meta":{},"tags":[]},{"ancestorTitles":["maybeCompleteFlow"],"fullName":"maybeCompleteFlow does not complete when current node exists","status":"passed","title":"does not complete when current node exists","duration":0.16449999999997544,"failureMessages":[],"meta":{},"tags":[]},{"ancestorTitles":["maybeCompleteFlow"],"fullName":"maybeCompleteFlow completes when all nodes exhausted and no gates","status":"passed","title":"completes when all nodes exhausted and no gates","duration":0.209699999999998,"failureMessages":[],"meta":{},"tags":[]},{"ancestorTitles":["maybeCompleteFlow"],"fullName":"maybeCompleteFlow does not complete when gates are present and not passing","status":"passed","title":"does not complete when gates are present and not passing","duration":0.2499000000000251,"failureMessages":[],"meta":{},"tags":[]},{"ancestorTitles":["maybeCompleteFlow"],"fullName":"maybeCompleteFlow completes when gates are all passing","status":"passed","title":"completes when gates are all passing","duration":0.19220000000007076,"failureMessages":[],"meta":{},"tags":[]},{"ancestorTitles":["autoAdvanceNodes — sequential auto-advance"],"fullName":"autoAdvanceNodes — sequential auto-advance terminates normally with 12+ sequential let nodes","status":"passed","title":"terminates normally with 12+ sequential let nodes","duration":2.3599000000000387,"failureMessages":[],"meta":{},"tags":[]},{"ancestorTitles":["autoAdvanceNodes — sequential auto-advance"],"fullName":"autoAdvanceNodes — sequential auto-advance processes mixed let + run nodes sequentially","status":"passed","title":"processes mixed let + run nodes sequentially","duration":0.9929999999999382,"failureMessages":[],"meta":{},"tags":[]},{"ancestorTitles":["autoAdvanceNodes — sequential auto-advance"],"fullName":"autoAdvanceNodes — sequential auto-advance detects stale state and breaks out","status":"passed","title":"detects stale state and breaks out","duration":0.47199999999998,"failureMessages":[],"meta":{},"tags":[]},{"ancestorTitles":["autoAdvanceNodes — safety limits"],"fullName":"autoAdvanceNodes — safety limits stops at MAX_ADVANCES and adds warning","status":"passed","title":"stops at MAX_ADVANCES and adds warning","duration":8.447199999999953,"failureMessages":[],"meta":{},"tags":[]},{"ancestorTitles":["autoAdvanceNodes — break"],"fullName":"autoAdvanceNodes — break break exits foreach loop early — only first item processed","status":"passed","title":"break exits foreach loop early — only first item processed","duration":0.7898999999999887,"failureMessages":[],"meta":{},"tags":[]},{"ancestorTitles":["autoAdvanceNodes — break"],"fullName":"autoAdvanceNodes — break break exits while loop early","status":"passed","title":"break exits while loop early","duration":0.5851999999999862,"failureMessages":[],"meta":{},"tags":[]},{"ancestorTitles":["autoAdvanceNodes — break"],"fullName":"autoAdvanceNodes — break break outside loop just advances past break","status":"passed","title":"break outside loop just advances past break","duration":0.34209999999995944,"failureMessages":[],"meta":{},"tags":[]},{"ancestorTitles":["autoAdvanceNodes — return"],"fullName":"autoAdvanceNodes — return immediately completes the flow for a top-level return node","status":"passed","title":"immediately completes the flow for a top-level return node","duration":0.3913000000000011,"failureMessages":[],"meta":{},"tags":[]},{"ancestorTitles":["autoAdvanceNodes — return"],"fullName":"autoAdvanceNodes — return immediately completes the flow from inside an if branch","status":"passed","title":"immediately completes the flow from inside an if branch","duration":0.6460000000000719,"failureMessages":[],"meta":{},"tags":[]},{"ancestorTitles":["autoAdvanceNodes — return"],"fullName":"autoAdvanceNodes — return immediately completes the flow from inside a try body","status":"passed","title":"immediately completes the flow from inside a try body","duration":0.5638000000000147,"failureMessages":[],"meta":{},"tags":[]},{"ancestorTitles":["autoAdvanceNodes — return"],"fullName":"autoAdvanceNodes — return immediately completes the flow from inside a foreach body","status":"passed","title":"immediately completes the flow from inside a foreach body","duration":0.37599999999997635,"failureMessages":[],"meta":{},"tags":[]},{"ancestorTitles":["autoAdvanceNodes — try/finally"],"fullName":"autoAdvanceNodes — try/finally finally body executes after catch body","status":"passed","title":"finally body executes after catch body","duration":1.4487000000000307,"failureMessages":[],"meta":{},"tags":[]},{"ancestorTitles":["autoAdvanceNodes — try/finally"],"fullName":"autoAdvanceNodes — try/finally finally body executes after normal body completion (no failure)","status":"passed","title":"finally body executes after normal body completion (no failure)","duration":0.6971000000000913,"failureMessages":[],"meta":{},"tags":[]},{"ancestorTitles":["autoAdvanceNodes — try/finally"],"fullName":"autoAdvanceNodes — try/finally resolveCurrentNode includes finallyBody","status":"passed","title":"resolveCurrentNode includes finallyBody","duration":0.22870000000000346,"failureMessages":[],"meta":{},"tags":[]},{"ancestorTitles":["autoAdvanceNodes — timeout propagation"],"fullName":"autoAdvanceNodes — timeout propagation passes timeoutMs to commandRunner.run() for run nodes","status":"passed","title":"passes timeoutMs to commandRunner.run() for run nodes","duration":1.0511000000000195,"failureMessages":[],"meta":{},"tags":[]},{"ancestorTitles":["autoAdvanceNodes — timeout propagation"],"fullName":"autoAdvanceNodes — timeout propagation does not pass timeoutMs when run node has no timeout","status":"passed","title":"does not pass timeoutMs when run node has no timeout","duration":0.49459999999999127,"failureMessages":[],"meta":{},"tags":[]},{"ancestorTitles":["autoAdvanceNodes — timeout propagation"],"fullName":"autoAdvanceNodes — timeout propagation logs node timing metadata for each advanced node","status":"passed","title":"logs node timing metadata for each advanced node","duration":1.4144999999999754,"failureMessages":[],"meta":{},"tags":[]},{"ancestorTitles":["autoAdvanceNodes — resume-safe run replay suppression"],"fullName":"autoAdvanceNodes — resume-safe run replay suppression skips re-executing a completed top-level run node and restores cached exit variables","status":"passed","title":"skips re-executing a completed top-level run node and restores cached exit variables","duration":1.1613000000000966,"failureMessages":[],"meta":{},"tags":[]},{"ancestorTitles":["autoAdvanceNodes — resume-safe run replay suppression"],"fullName":"autoAdvanceNodes — resume-safe run replay suppression skips re-executing a completed run node inside an if branch","status":"passed","title":"skips re-executing a completed run node inside an if branch","duration":0.5134000000000469,"failureMessages":[],"meta":{},"tags":[]},{"ancestorTitles":["autoAdvanceNodes — resume-safe run replay suppression"],"fullName":"autoAdvanceNodes — resume-safe run replay suppression does not skip a completed run node inside a retry body","status":"passed","title":"does not skip a completed run node inside a retry body","duration":1.3800999999999704,"failureMessages":[],"meta":{},"tags":[]},{"ancestorTitles":["autoAdvanceNodes — resume-safe run replay suppression"],"fullName":"autoAdvanceNodes — resume-safe run replay suppression does not skip a completed run node inside a foreach body","status":"passed","title":"does not skip a completed run node inside a foreach body","duration":1.790200000000027,"failureMessages":[],"meta":{},"tags":[]},{"ancestorTitles":["autoAdvanceNodes — resume-safe run replay suppression"],"fullName":"autoAdvanceNodes — resume-safe run replay suppression does not skip a previously failed completed run node on resume","status":"passed","title":"does not skip a previously failed completed run node on resume","duration":1.6551000000000613,"failureMessages":[],"meta":{},"tags":[]},{"ancestorTitles":["resolveCurrentNode — spawn"],"fullName":"resolveCurrentNode — spawn resolves child inside spawn body","status":"passed","title":"resolves child inside spawn body","duration":0.3301999999999907,"failureMessages":[],"meta":{},"tags":[]},{"ancestorTitles":["autoAdvanceNodes — spawn"],"fullName":"autoAdvanceNodes — spawn skips spawn node when no processSpawner is provided","status":"passed","title":"skips spawn node when no processSpawner is provided","duration":0.6046000000000049,"failureMessages":[],"meta":{},"tags":[]},{"ancestorTitles":["autoAdvanceNodes — spawn"],"fullName":"autoAdvanceNodes — spawn records spawned child and advances past spawn when spawner provided","status":"passed","title":"records spawned child and advances past spawn when spawner provided","duration":1.525600000000054,"failureMessages":[],"meta":{},"tags":[]},{"ancestorTitles":["autoAdvanceNodes — spawn"],"fullName":"autoAdvanceNodes — spawn does not pass runtime exit variables into spawned children","status":"passed","title":"does not pass runtime exit variables into spawned children","duration":3.8874000000000706,"failureMessages":[],"meta":{},"tags":[]},{"ancestorTitles":["autoAdvanceNodes — await"],"fullName":"autoAdvanceNodes — await skips await when no processSpawner is provided","status":"passed","title":"skips await when no processSpawner is provided","duration":0.6757999999999811,"failureMessages":[],"meta":{},"tags":[]},{"ancestorTitles":["autoAdvanceNodes — await"],"fullName":"autoAdvanceNodes — await advances past await when all children completed","status":"passed","title":"advances past await when all children completed","duration":0.9360000000000355,"failureMessages":[],"meta":{},"tags":[]},{"ancestorTitles":["autoAdvanceNodes — await"],"fullName":"autoAdvanceNodes — await imports child variables with name prefix after await","status":"passed","title":"imports child variables with name prefix after await","duration":0.4329000000000178,"failureMessages":[],"meta":{},"tags":[]},{"ancestorTitles":["autoAdvanceNodes — await"],"fullName":"autoAdvanceNodes — await imports awaited swarm JSON returns into the parent namespace","status":"passed","title":"imports awaited swarm JSON returns into the parent namespace","duration":0.9028999999999314,"failureMessages":[],"meta":{},"tags":[]},{"ancestorTitles":["autoAdvanceNodes — await"],"fullName":"autoAdvanceNodes — await keeps awaited swarm string returns as strings when JSON parsing fails","status":"passed","title":"keeps awaited swarm string returns as strings when JSON parsing fails","duration":0.5326999999999771,"failureMessages":[],"meta":{},"tags":[]},{"ancestorTitles":["autoAdvanceNodes — await"],"fullName":"autoAdvanceNodes — await stores empty swarm result fields when a role completes without returning","status":"passed","title":"stores empty swarm result fields when a role completes without returning","duration":0.421799999999962,"failureMessages":[],"meta":{},"tags":[]},{"ancestorTitles":["autoAdvanceNodes — await"],"fullName":"autoAdvanceNodes — await stores failed-role swarm metadata when a role fails before returning","status":"passed","title":"stores failed-role swarm metadata when a role fails before returning","duration":0.45680000000004384,"failureMessages":[],"meta":{},"tags":[]},{"ancestorTitles":["autoAdvanceNodes — await"],"fullName":"autoAdvanceNodes — await does not advance when children are still running","status":"passed","title":"does not advance when children are still running","duration":1014.292,"failureMessages":[],"meta":{},"tags":[]},{"ancestorTitles":["autoAdvanceNodes — await"],"fullName":"autoAdvanceNodes — await D6: warns when named await target does not match any spawned child","status":"passed","title":"D6: warns when named await target does not match any spawned child","duration":0.4820999999999458,"failureMessages":[],"meta":{},"tags":[]},{"ancestorTitles":["autoAdvanceNodes — await"],"fullName":"autoAdvanceNodes — await marks a running await child failed when its PID is gone","status":"passed","title":"marks a running await child failed when its PID is gone","duration":0.7621999999998934,"failureMessages":[],"meta":{},"tags":[]},{"ancestorTitles":["autoAdvanceNodes — await"],"fullName":"autoAdvanceNodes — await D2: times out after MAX_AWAIT_POLLS and marks children failed","status":"passed","title":"D2: times out after MAX_AWAIT_POLLS and marks children failed","duration":0.5237999999999374,"failureMessages":[],"meta":{},"tags":[]},{"ancestorTitles":["autoAdvanceNodes — await"],"fullName":"autoAdvanceNodes — await race node times out after its wall-clock limit","status":"passed","title":"race node times out after its wall-clock limit","duration":1.2963000000002012,"failureMessages":[],"meta":{},"tags":[]},{"ancestorTitles":["autoAdvanceNodes — spawn body escaping (D4)"],"fullName":"autoAdvanceNodes — spawn body escaping (D4) escapes backslashes, quotes, and newlines in let literal values","status":"passed","title":"escapes backslashes, quotes, and newlines in let literal values","duration":0.9606000000001131,"failureMessages":[],"meta":{},"tags":[]},{"ancestorTitles":["autoAdvanceNodes — spawn failure (D7)"],"fullName":"autoAdvanceNodes — spawn failure (D7) marks child as failed and warns when spawn returns pid=0","status":"passed","title":"marks child as failed and warns when spawn returns pid=0","duration":0.5606999999999971,"failureMessages":[],"meta":{},"tags":[]},{"ancestorTitles":["autoAdvanceNodes — truncateOutput"],"fullName":"autoAdvanceNodes — truncateOutput truncates stdout longer than 2000 chars","status":"passed","title":"truncates stdout longer than 2000 chars","duration":0.48460000000000036,"failureMessages":[],"meta":{},"tags":[]},{"ancestorTitles":["autoAdvanceNodes — truncateOutput"],"fullName":"autoAdvanceNodes — truncateOutput truncates stderr longer than 2000 chars","status":"passed","title":"truncates stderr longer than 2000 chars","duration":0.3773999999998523,"failureMessages":[],"meta":{},"tags":[]},{"ancestorTitles":["autoAdvanceNodes — let arithmetic"],"fullName":"autoAdvanceNodes — let arithmetic evaluates arithmetic in literal and stores result as string","status":"passed","title":"evaluates arithmetic in literal and stores result as string","duration":0.3652999999999338,"failureMessages":[],"meta":{},"tags":[]},{"ancestorTitles":["autoAdvanceNodes — let arithmetic"],"fullName":"autoAdvanceNodes — let arithmetic evaluates arithmetic after variable interpolation","status":"passed","title":"evaluates arithmetic after variable interpolation","duration":0.38249999999993634,"failureMessages":[],"meta":{},"tags":[]},{"ancestorTitles":["autoAdvanceNodes — let arithmetic"],"fullName":"autoAdvanceNodes — let arithmetic stores plain text as-is when not arithmetic","status":"passed","title":"stores plain text as-is when not arithmetic","duration":0.2039999999999509,"failureMessages":[],"meta":{},"tags":[]},{"ancestorTitles":["autoAdvanceNodes — let arithmetic"],"fullName":"autoAdvanceNodes — let arithmetic interpolates variables in literal even without arithmetic","status":"passed","title":"interpolates variables in literal even without arithmetic","duration":0.23839999999995598,"failureMessages":[],"meta":{},"tags":[]},{"ancestorTitles":["autoAdvanceNodes — let run"],"fullName":"autoAdvanceNodes — let run stays at path when commandRunner is not provided for let=run","status":"passed","title":"stays at path when commandRunner is not provided for let=run","duration":0.2498000000000502,"failureMessages":[],"meta":{},"tags":[]},{"ancestorTitles":["autoAdvanceNodes — let run"],"fullName":"autoAdvanceNodes — let run executes command and stores stdout for let=run","status":"passed","title":"executes command and stores stdout for let=run","duration":0.3165999999998803,"failureMessages":[],"meta":{},"tags":[]},{"ancestorTitles":["autoAdvanceNodes — let run"],"fullName":"autoAdvanceNodes — let run jumps to catch when let=run fails inside try","status":"passed","title":"jumps to catch when let=run fails inside try","duration":0.32760000000007494,"failureMessages":[],"meta":{},"tags":[]},{"ancestorTitles":["autoAdvanceNodes — let append"],"fullName":"autoAdvanceNodes — let append let x += \"val\" appends to list and sets x_length","status":"passed","title":"let x += \"val\" appends to list and sets x_length","duration":0.5237999999999374,"failureMessages":[],"meta":{},"tags":[]},{"ancestorTitles":["autoAdvanceNodes — let append"],"fullName":"autoAdvanceNodes — let append let x = [] sets x_length to 0","status":"passed","title":"let x = [] sets x_length to 0","duration":0.2195000000001528,"failureMessages":[],"meta":{},"tags":[]},{"ancestorTitles":["autoAdvanceNodes — let prompt capture"],"fullName":"autoAdvanceNodes — let prompt capture emits capture meta-prompt on first visit","status":"passed","title":"emits capture meta-prompt on first visit","duration":0.9109999999998308,"failureMessages":[],"meta":{},"tags":[]},{"ancestorTitles":["autoAdvanceNodes — let prompt capture"],"fullName":"autoAdvanceNodes — let prompt capture reads captured value on second visit","status":"passed","title":"reads captured value on second visit","duration":0.6141999999999825,"failureMessages":[],"meta":{},"tags":[]},{"ancestorTitles":["autoAdvanceNodes — let prompt capture"],"fullName":"autoAdvanceNodes — let prompt capture retries capture when read returns null (not at max)","status":"passed","title":"retries capture when read returns null (not at max)","duration":0.46299999999996544,"failureMessages":[],"meta":{},"tags":[]},{"ancestorTitles":["autoAdvanceNodes — let prompt capture"],"fullName":"autoAdvanceNodes — let prompt capture retries with write-tool emphasis when capture remains pending","status":"passed","title":"retries with write-tool emphasis when capture remains pending","duration":0.38279999999986103,"failureMessages":[],"meta":{},"tags":[]},{"ancestorTitles":["autoAdvanceNodes — let prompt capture"],"fullName":"autoAdvanceNodes — let prompt capture uses empty string after max capture retries exhausted","status":"passed","title":"uses empty string after max capture retries exhausted","duration":1.1381000000001222,"failureMessages":[],"meta":{},"tags":[]},{"ancestorTitles":["autoAdvanceNodes — let prompt capture"],"fullName":"autoAdvanceNodes — let prompt capture let prompt without captureReader emits prompt then stalls on retry","status":"passed","title":"let prompt without captureReader emits prompt then stalls on retry","duration":0.2681999999999789,"failureMessages":[],"meta":{},"tags":[]},{"ancestorTitles":["autoAdvanceNodes — let prompt capture"],"fullName":"autoAdvanceNodes — let prompt capture emits level-2 capture diagnostics when a capture value is read","status":"passed","title":"emits level-2 capture diagnostics when a capture value is read","duration":0.6422000000000025,"failureMessages":[],"meta":{},"tags":[]},{"ancestorTitles":["autoAdvanceNodes — run without commandRunner"],"fullName":"autoAdvanceNodes — run without commandRunner stays at path when no commandRunner provided for run node","status":"passed","title":"stays at path when no commandRunner provided for run node","duration":0.3185000000000855,"failureMessages":[],"meta":{},"tags":[]},{"ancestorTitles":["autoAdvanceNodes — debug diagnostics"],"fullName":"autoAdvanceNodes — debug diagnostics emits advance and gate diagnostics for run nodes at debug level 3","status":"passed","title":"emits advance and gate diagnostics for run nodes at debug level 3","duration":0.8275000000001,"failureMessages":[],"meta":{},"tags":[]},{"ancestorTitles":["autoAdvanceNodes — renderNodeToDsl via spawn"],"fullName":"autoAdvanceNodes — renderNodeToDsl via spawn renders let = prompt","status":"passed","title":"renders let = prompt","duration":0.43489999999997053,"failureMessages":[],"meta":{},"tags":[]},{"ancestorTitles":["autoAdvanceNodes — renderNodeToDsl via spawn"],"fullName":"autoAdvanceNodes — renderNodeToDsl via spawn renders let = run","status":"passed","title":"renders let = run","duration":0.2520999999999276,"failureMessages":[],"meta":{},"tags":[]},{"ancestorTitles":["autoAdvanceNodes — renderNodeToDsl via spawn"],"fullName":"autoAdvanceNodes — renderNodeToDsl via spawn renders let = []","status":"passed","title":"renders let = []","duration":0.3854999999998654,"failureMessages":[],"meta":{},"tags":[]},{"ancestorTitles":["autoAdvanceNodes — renderNodeToDsl via spawn"],"fullName":"autoAdvanceNodes — renderNodeToDsl via spawn renders let += (append)","status":"passed","title":"renders let += (append)","duration":0.286200000000008,"failureMessages":[],"meta":{},"tags":[]},{"ancestorTitles":["autoAdvanceNodes — renderNodeToDsl via spawn"],"fullName":"autoAdvanceNodes — renderNodeToDsl via spawn renders break node","status":"passed","title":"renders break node","duration":0.3167999999998301,"failureMessages":[],"meta":{},"tags":[]},{"ancestorTitles":["autoAdvanceNodes — renderNodeToDsl via spawn"],"fullName":"autoAdvanceNodes — renderNodeToDsl via spawn renders while node","status":"passed","title":"renders while node","duration":0.47090000000002874,"failureMessages":[],"meta":{},"tags":[]},{"ancestorTitles":["autoAdvanceNodes — renderNodeToDsl via spawn"],"fullName":"autoAdvanceNodes — renderNodeToDsl via spawn renders until node","status":"passed","title":"renders until node","duration":0.330600000000004,"failureMessages":[],"meta":{},"tags":[]},{"ancestorTitles":["autoAdvanceNodes — renderNodeToDsl via spawn"],"fullName":"autoAdvanceNodes — renderNodeToDsl via spawn renders retry node","status":"passed","title":"renders retry node","duration":0.33370000000013533,"failureMessages":[],"meta":{},"tags":[]},{"ancestorTitles":["autoAdvanceNodes — renderNodeToDsl via spawn"],"fullName":"autoAdvanceNodes — renderNodeToDsl via spawn renders if/else node","status":"passed","title":"renders if/else node","duration":0.38840000000004693,"failureMessages":[],"meta":{},"tags":[]},{"ancestorTitles":["autoAdvanceNodes — renderNodeToDsl via spawn"],"fullName":"autoAdvanceNodes — renderNodeToDsl via spawn renders if without else","status":"passed","title":"renders if without else","duration":0.29700000000002547,"failureMessages":[],"meta":{},"tags":[]},{"ancestorTitles":["autoAdvanceNodes — renderNodeToDsl via spawn"],"fullName":"autoAdvanceNodes — renderNodeToDsl via spawn renders try/catch/finally node","status":"passed","title":"renders try/catch/finally node","duration":0.4614999999998872,"failureMessages":[],"meta":{},"tags":[]},{"ancestorTitles":["autoAdvanceNodes — renderNodeToDsl via spawn"],"fullName":"autoAdvanceNodes — renderNodeToDsl via spawn renders try without catch or finally","status":"passed","title":"renders try without catch or finally","duration":0.3084999999998672,"failureMessages":[],"meta":{},"tags":[]},{"ancestorTitles":["autoAdvanceNodes — renderNodeToDsl via spawn"],"fullName":"autoAdvanceNodes — renderNodeToDsl via spawn renders foreach node","status":"passed","title":"renders foreach node","duration":0.30920000000014625,"failureMessages":[],"meta":{},"tags":[]},{"ancestorTitles":["autoAdvanceNodes — renderNodeToDsl via spawn"],"fullName":"autoAdvanceNodes — renderNodeToDsl via spawn renders nested spawn node","status":"passed","title":"renders nested spawn node","duration":0.3407999999999447,"failureMessages":[],"meta":{},"tags":[]},{"ancestorTitles":["autoAdvanceNodes — renderNodeToDsl via spawn"],"fullName":"autoAdvanceNodes — renderNodeToDsl via spawn renders await all","status":"passed","title":"renders await all","duration":0.25509999999985666,"failureMessages":[],"meta":{},"tags":[]},{"ancestorTitles":["autoAdvanceNodes — renderNodeToDsl via spawn"],"fullName":"autoAdvanceNodes — renderNodeToDsl via spawn renders await named","status":"passed","title":"renders await named","duration":0.2299000000000433,"failureMessages":[],"meta":{},"tags":[]},{"ancestorTitles":["autoAdvanceNodes — if node branching"],"fullName":"autoAdvanceNodes — if node branching enters then-branch when condition is true","status":"passed","title":"enters then-branch when condition is true","duration":0.44270000000005894,"failureMessages":[],"meta":{},"tags":[]},{"ancestorTitles":["autoAdvanceNodes — if node branching"],"fullName":"autoAdvanceNodes — if node branching enters else-branch when condition is false","status":"passed","title":"enters else-branch when condition is false","duration":0.32809999999994943,"failureMessages":[],"meta":{},"tags":[]},{"ancestorTitles":["autoAdvanceNodes — if node branching"],"fullName":"autoAdvanceNodes — if node branching skips past if when condition is false and no else-branch","status":"passed","title":"skips past if when condition is false and no else-branch","duration":0.2597000000000662,"failureMessages":[],"meta":{},"tags":[]},{"ancestorTitles":["autoAdvanceNodes — if node branching"],"fullName":"autoAdvanceNodes — if node branching returns null capturedPrompt when if condition is unresolvable","status":"passed","title":"returns null capturedPrompt when if condition is unresolvable","duration":0.2683999999999287,"failureMessages":[],"meta":{},"tags":[]},{"ancestorTitles":["autoAdvanceNodes — if node branching"],"fullName":"autoAdvanceNodes — if node branching does not execute elseBranch after a successful thenBranch run","status":"passed","title":"does not execute elseBranch after a successful thenBranch run","duration":2.433999999999969,"failureMessages":[],"meta":{},"tags":[]},{"ancestorTitles":["autoAdvanceNodes — if node branching"],"fullName":"autoAdvanceNodes — if node branching skips catchBody after a successful try body and still runs finally","status":"passed","title":"skips catchBody after a successful try body and still runs finally","duration":0.8460999999999785,"failureMessages":[],"meta":{},"tags":[]},{"ancestorTitles":["autoAdvanceNodes — if node branching"],"fullName":"autoAdvanceNodes — if node branching uses delayed-expansion env refs for Windows run interpolation","status":"passed","title":"uses delayed-expansion env refs for Windows run interpolation","duration":1.1428999999998268,"failureMessages":[],"meta":{},"tags":[]},{"ancestorTitles":["autoAdvanceNodes — condition loop entry edge cases"],"fullName":"autoAdvanceNodes — condition loop entry edge cases while skips body when condition is false","status":"passed","title":"while skips body when condition is false","duration":0.3139000000001033,"failureMessages":[],"meta":{},"tags":[]},{"ancestorTitles":["autoAdvanceNodes — condition loop entry edge cases"],"fullName":"autoAdvanceNodes — condition loop entry edge cases until skips body when condition is already true","status":"passed","title":"until skips body when condition is already true","duration":0.25949999999988904,"failureMessages":[],"meta":{},"tags":[]},{"ancestorTitles":["autoAdvanceNodes — retry first entry"],"fullName":"autoAdvanceNodes — retry first entry enters retry body on first encounter and sets iteration 1","status":"passed","title":"enters retry body on first encounter and sets iteration 1","duration":0.3110999999998967,"failureMessages":[],"meta":{},"tags":[]},{"ancestorTitles":["autoAdvanceNodes — try first entry"],"fullName":"autoAdvanceNodes — try first entry enters try body on first encounter","status":"passed","title":"enters try body on first encounter","duration":0.2077999999999065,"failureMessages":[],"meta":{},"tags":[]},{"ancestorTitles":["autoAdvanceNodes — await edge cases"],"fullName":"autoAdvanceNodes — await edge cases await all with no spawned children advances immediately","status":"passed","title":"await all with no spawned children advances immediately","duration":0.24179999999978463,"failureMessages":[],"meta":{},"tags":[]},{"ancestorTitles":["autoAdvanceNodes — await edge cases"],"fullName":"autoAdvanceNodes — await edge cases await skips already-completed children without polling","status":"passed","title":"await skips already-completed children without polling","duration":0.3469000000000051,"failureMessages":[],"meta":{},"tags":[]},{"ancestorTitles":["autoAdvanceNodes — await edge cases"],"fullName":"autoAdvanceNodes — await edge cases await skips already-failed children without polling","status":"passed","title":"await skips already-failed children without polling","duration":0.3532999999999902,"failureMessages":[],"meta":{},"tags":[]},{"ancestorTitles":["autoAdvanceNodes — spawn body exhaustion"],"fullName":"autoAdvanceNodes — spawn body exhaustion advances past spawn when body exhausted (via handleBodyExhaustion)","status":"passed","title":"advances past spawn when body exhausted (via handleBodyExhaustion)","duration":0.24119999999993524,"failureMessages":[],"meta":{},"tags":[]},{"ancestorTitles":["autoAdvanceNodes — let append run"],"fullName":"autoAdvanceNodes — let append run appends command output to list variable","status":"passed","title":"appends command output to list variable","duration":0.44299999999998363,"failureMessages":[],"meta":{},"tags":[]},{"ancestorTitles":["autoAdvanceNodes — continue"],"fullName":"autoAdvanceNodes — continue continue skips rest of foreach body and advances to next item","status":"passed","title":"continue skips rest of foreach body and advances to next item","duration":0.7461000000000695,"failureMessages":[],"meta":{},"tags":[]},{"ancestorTitles":["autoAdvanceNodes — continue"],"fullName":"autoAdvanceNodes — continue continue exits while loop when condition becomes false","status":"passed","title":"continue exits while loop when condition becomes false","duration":0.330600000000004,"failureMessages":[],"meta":{},"tags":[]},{"ancestorTitles":["autoAdvanceNodes — continue"],"fullName":"autoAdvanceNodes — continue continue re-enters while loop body when condition is true","status":"passed","title":"continue re-enters while loop body when condition is true","duration":0.8646000000001095,"failureMessages":[],"meta":{},"tags":[]},{"ancestorTitles":["autoAdvanceNodes — continue"],"fullName":"autoAdvanceNodes — continue continue works inside until loop","status":"passed","title":"continue works inside until loop","duration":0.5267999999998665,"failureMessages":[],"meta":{},"tags":[]},{"ancestorTitles":["autoAdvanceNodes — continue"],"fullName":"autoAdvanceNodes — continue continue works inside retry loop","status":"passed","title":"continue works inside retry loop","duration":0.44299999999998363,"failureMessages":[],"meta":{},"tags":[]},{"ancestorTitles":["autoAdvanceNodes — continue"],"fullName":"autoAdvanceNodes — continue continue outside loop just advances past continue","status":"passed","title":"continue outside loop just advances past continue","duration":0.24989999999979773,"failureMessages":[],"meta":{},"tags":[]},{"ancestorTitles":["autoAdvanceNodes — continue"],"fullName":"autoAdvanceNodes — continue continue inside nested if within loop skips to next iteration","status":"passed","title":"continue inside nested if within loop skips to next iteration","duration":7.531700000000001,"failureMessages":[],"meta":{},"tags":[]},{"ancestorTitles":["evaluateFlowCondition — interpolation"],"fullName":"evaluateFlowCondition — interpolation resolves ${var:-default} in condition before evaluation","status":"passed","title":"resolves ${var:-default} in condition before evaluation","duration":1.8632000000000062,"failureMessages":[],"meta":{},"tags":[]},{"ancestorTitles":["evaluateFlowCondition — interpolation"],"fullName":"evaluateFlowCondition — interpolation resolves ${var:-default} to variable value when present","status":"passed","title":"resolves ${var:-default} to variable value when present","duration":0.657799999999952,"failureMessages":[],"meta":{},"tags":[]},{"ancestorTitles":["evaluateFlowCondition — interpolation"],"fullName":"evaluateFlowCondition — interpolation resolves ${var} in condition to variable value","status":"passed","title":"resolves ${var} in condition to variable value","duration":0.2296000000001186,"failureMessages":[],"meta":{},"tags":[]},{"ancestorTitles":["evaluateFlowCondition — interpolation"],"fullName":"evaluateFlowCondition — interpolation ${var:-default} with numeric comparison","status":"passed","title":"${var:-default} with numeric comparison","duration":0.17130000000020118,"failureMessages":[],"meta":{},"tags":[]},{"ancestorTitles":["evaluateFlowCondition — interpolation"],"fullName":"evaluateFlowCondition — interpolation interpolation preserves plain conditions (no ${} refs)","status":"passed","title":"interpolation preserves plain conditions (no ${} refs)","duration":0.15689999999995052,"failureMessages":[],"meta":{},"tags":[]},{"ancestorTitles":["autoAdvanceNodes — stale-state detection"],"fullName":"autoAdvanceNodes — stale-state detection breaks loop when prompt node does not change path (waiting for input)","status":"passed","title":"breaks loop when prompt node does not change path (waiting for input)","duration":0.2759000000000924,"failureMessages":[],"meta":{},"tags":[]},{"ancestorTitles":["autoAdvanceNodes — stale-state detection"],"fullName":"autoAdvanceNodes — stale-state detection processes many sequential let nodes followed by a prompt without stale detection","status":"passed","title":"processes many sequential let nodes followed by a prompt without stale detection","duration":0.7027000000000498,"failureMessages":[],"meta":{},"tags":[]},{"ancestorTitles":["autoAdvanceNodes — invariant assertions"],"fullName":"autoAdvanceNodes — invariant assertions throws in test env when a post-transition invariant is violated","status":"passed","title":"throws in test env when a post-transition invariant is violated","duration":2.2574999999999363,"failureMessages":[],"meta":{},"tags":[]},{"ancestorTitles":["autoAdvanceNodes — invariant assertions"],"fullName":"autoAdvanceNodes — invariant assertions logs in production when a post-transition invariant is violated","status":"passed","title":"logs in production when a post-transition invariant is violated","duration":0.6960000000001401,"failureMessages":[],"meta":{},"tags":[]},{"ancestorTitles":["autoAdvanceNodes — deeply nested break"],"fullName":"autoAdvanceNodes — deeply nested break break inside if inside while exits the while loop","status":"passed","title":"break inside if inside while exits the while loop","duration":0.48319999999989705,"failureMessages":[],"meta":{},"tags":[]},{"ancestorTitles":["autoAdvanceNodes — try/finally without catch"],"fullName":"autoAdvanceNodes — try/finally without catch finally executes after successful body when no catch body exists","status":"passed","title":"finally executes after successful body when no catch body exists","duration":0.48670000000015534,"failureMessages":[],"meta":{},"tags":[]},{"ancestorTitles":["autoAdvanceNodes — try/catch/finally ordering"],"fullName":"autoAdvanceNodes — try/catch/finally ordering catch and finally both execute when body fails","status":"passed","title":"catch and finally both execute when body fails","duration":0.4355000000000473,"failureMessages":[],"meta":{},"tags":[]},{"ancestorTitles":["autoAdvanceNodes — foreach edge cases (single/empty)"],"fullName":"autoAdvanceNodes — foreach edge cases (single/empty) foreach with single-item iterable iterates once","status":"passed","title":"foreach with single-item iterable iterates once","duration":0.43460000000004584,"failureMessages":[],"meta":{},"tags":[]},{"ancestorTitles":["autoAdvanceNodes — foreach edge cases (single/empty)"],"fullName":"autoAdvanceNodes — foreach edge cases (single/empty) foreach with empty string skips body entirely","status":"passed","title":"foreach with empty string skips body entirely","duration":0.2600999999999658,"failureMessages":[],"meta":{},"tags":[]},{"ancestorTitles":["autoAdvanceNodes — spawn body exhaustion edge case"],"fullName":"autoAdvanceNodes — spawn body exhaustion edge case advances past spawn when path is beyond body end","status":"passed","title":"advances past spawn when path is beyond body end","duration":0.2563999999999851,"failureMessages":[],"meta":{},"tags":[]},{"ancestorTitles":["autoAdvanceNodes — pipe transforms"],"fullName":"autoAdvanceNodes — pipe transforms applies trim transform to let=run output","status":"passed","title":"applies trim transform to let=run output","duration":0.3954000000001088,"failureMessages":[],"meta":{},"tags":[]},{"ancestorTitles":["autoAdvanceNodes — pipe transforms"],"fullName":"autoAdvanceNodes — pipe transforms applies upper transform to let=run output","status":"passed","title":"applies upper transform to let=run output","duration":0.2841000000000804,"failureMessages":[],"meta":{},"tags":[]},{"ancestorTitles":["autoAdvanceNodes — pipe transforms"],"fullName":"autoAdvanceNodes — pipe transforms applies lower transform to literal","status":"passed","title":"applies lower transform to literal","duration":0.26320000000009713,"failureMessages":[],"meta":{},"tags":[]},{"ancestorTitles":["autoAdvanceNodes — pipe transforms"],"fullName":"autoAdvanceNodes — pipe transforms applies first transform to multi-line output","status":"passed","title":"applies first transform to multi-line output","duration":0.2562000000000353,"failureMessages":[],"meta":{},"tags":[]},{"ancestorTitles":["autoAdvanceNodes — pipe transforms"],"fullName":"autoAdvanceNodes — pipe transforms applies last transform to multi-line output","status":"passed","title":"applies last transform to multi-line output","duration":0.40869999999995343,"failureMessages":[],"meta":{},"tags":[]},{"ancestorTitles":["autoAdvanceNodes — pipe transforms"],"fullName":"autoAdvanceNodes — pipe transforms no transform when not specified","status":"passed","title":"no transform when not specified","duration":0.27510000000006585,"failureMessages":[],"meta":{},"tags":[]},{"ancestorTitles":["autoAdvanceNodes — foreach with listCommand"],"fullName":"autoAdvanceNodes — foreach with listCommand executes command and iterates over output items","status":"passed","title":"executes command and iterates over output items","duration":0.837500000000091,"failureMessages":[],"meta":{},"tags":[]},{"ancestorTitles":["autoAdvanceNodes — foreach with listCommand"],"fullName":"autoAdvanceNodes — foreach with listCommand stays at path when no commandRunner provided for foreach run","status":"passed","title":"stays at path when no commandRunner provided for foreach run","duration":0.2240999999999076,"failureMessages":[],"meta":{},"tags":[]},{"ancestorTitles":["autoAdvanceNodes — foreach with listCommand"],"fullName":"autoAdvanceNodes — foreach with listCommand skips foreach when command output is empty","status":"passed","title":"skips foreach when command output is empty","duration":0.3973000000000866,"failureMessages":[],"meta":{},"tags":[]},{"ancestorTitles":["autoAdvanceNodes — retry backoff"],"fullName":"autoAdvanceNodes — retry backoff sets _retry_backoff_seconds on re-loop when backoff configured","status":"passed","title":"sets _retry_backoff_seconds on re-loop when backoff configured","duration":0.44640000000003965,"failureMessages":[],"meta":{},"tags":[]},{"ancestorTitles":["autoAdvanceNodes — retry backoff"],"fullName":"autoAdvanceNodes — retry backoff doubles backoff on subsequent iterations","status":"passed","title":"doubles backoff on subsequent iterations","dura
[...]
tput payload text","status":"passed","title":"extracts capture tags from tool output payload text","duration":1825.2335999999996,"failureMessages":[],"meta":{},"tags":[]},{"ancestorTitles":["post-tool-use hook (integration)"],"fullName":"post-tool-use hook (integration) extracts capture tags from response_text when tool output has none","status":"passed","title":"extracts capture tags from response_text when tool output has none","duration":1740.9179000000004,"failureMessages":[],"meta":{},"tags":[]},{"ancestorTitles":["post-tool-use hook (integration)"],"fullName":"post-tool-use hook (integration) extracts capture tags from nested full response text fields","status":"passed","title":"extracts capture tags from nested full response text fields","duration":1789.3014000000003,"failureMessages":[],"meta":{},"tags":[]},{"ancestorTitles":["post-tool-use hook (integration)"],"fullName":"post-tool-use hook (integration) preserves file-write and tool-output precedence over response_text capture tags","status":"passed","title":"preserves file-write and tool-output precedence over response_text capture tags","duration":1966.3486999999986,"failureMessages":[],"meta":{},"tags":[]},{"ancestorTitles":["post-tool-use hook (integration)"],"fullName":"post-tool-use hook (integration) keeps tool output precedence over nested full response text capture tags","status":"passed","title":"keeps tool output precedence over nested full response text capture tags","duration":1928.538999999997,"failureMessages":[],"meta":{},"tags":[]},{"ancestorTitles":["post-tool-use hook (integration)"],"fullName":"post-tool-use hook (integration) writes a compact progress notification when the tool payload includes stderr text","status":"passed","title":"writes a compact progress notification when the tool payload includes stderr text","duration":1778.0049999999974,"failureMessages":[],"meta":{},"tags":[]}],"startTime":1775950386514,"endTime":1775950407018.005,"status":"passed","message":"","name":"D:/Visual Studio Projects/prompt-language/src/presentation/hooks/post-tool-use.test.ts"},{"assertionResults":[{"ancestorTitles":["pre-compact hook (integration)"],"fullName":"pre-compact hook (integration) produces no output when no active flow","status":"passed","title":"produces no output when no active flow","duration":1892.2173000000003,"failureMessages":[],"meta":{},"tags":[]},{"ancestorTitles":["pre-compact hook (integration)"],"fullName":"pre-compact hook (integration) outputs additionalContext when flow is active","status":"passed","title":"outputs additionalContext when flow is active","duration":1701.6132000000002,"failureMessages":[],"meta":{},"tags":[]},{"ancestorTitles":["pre-compact hook (integration)"],"fullName":"pre-compact hook (integration) emits render byte metrics when the env flag is enabled","status":"passed","title":"emits render byte metrics when the env flag is enabled","duration":1711.4245999999998,"failureMessages":[],"meta":{},"tags":[]},{"ancestorTitles":["pre-compact hook (integration)"],"fullName":"pre-compact hook (integration) produces no output when flow is completed","status":"passed","title":"produces no output when flow is completed","duration":2450.3171,"failureMessages":[],"meta":{},"tags":[]},{"ancestorTitles":["pre-compact hook (integration)"],"fullName":"pre-compact hook (integration) exits 0 on corrupted state (fail-open)","status":"passed","title":"exits 0 on corrupted state (fail-open)","duration":1877.9718999999996,"failureMessages":[],"meta":{},"tags":[]},{"ancestorTitles":["pre-compact hook (integration)"],"fullName":"pre-compact hook (integration) finds awaiting_capture let node nested inside try block","status":"passed","title":"finds awaiting_capture let node nested inside try block","duration":1741.8644000000004,"failureMessages":[],"meta":{},"tags":[]},{"ancestorTitles":["pre-compact hook (integration)"],"fullName":"pre-compact hook (integration) includes capture re-injection when awaiting_capture (capture_failure)","status":"passed","title":"includes capture re-injection when awaiting_capture (capture_failure)","duration":1709.0139,"failureMessages":[],"meta":{},"tags":[]},{"ancestorTitles":["pre-compact hook (integration)"],"fullName":"pre-compact hook (integration) keeps capture handoff instructions visible across a compaction boundary after a capture-file failure","status":"passed","title":"keeps capture handoff instructions visible across a compaction boundary after a capture-file failure","duration":1793.6502,"failureMessages":[],"meta":{},"tags":[]},{"ancestorTitles":["pre-compact hook (integration)"],"fullName":"pre-compact hook (integration) includes review judge capture re-injection when a review node is awaiting capture","status":"passed","title":"includes review judge capture re-injection when a review node is awaiting capture","duration":1893.2898000000005,"failureMessages":[],"meta":{},"tags":[]},{"ancestorTitles":["pre-compact hook (integration)"],"fullName":"pre-compact hook (integration) auto-escalates to full mode when backup recovery makes compact rendering unsafe","status":"passed","title":"auto-escalates to full mode when backup recovery makes compact rendering unsafe","duration":1998.6612999999998,"failureMessages":[],"meta":{},"tags":[]},{"ancestorTitles":["pre-compact hook (integration)"],"fullName":"pre-compact hook (integration) auto-escalates to full mode when checksum sanitization clears gate results","status":"passed","title":"auto-escalates to full mode when checksum sanitization clears gate results","duration":1825.1892000000007,"failureMessages":[],"meta":{},"tags":[]}],"startTime":1775950386383,"endTime":1775950406978.1892,"status":"passed","message":"","name":"D:/Visual Studio Projects/prompt-language/src/presentation/hooks/pre-compact.test.ts"},{"assertionResults":[{"ancestorTitles":["readStdin"],"fullName":"readStdin reads a single chunk from stdin","status":"passed","title":"reads a single chunk from stdin","duration":4.373100000000022,"failureMessages":[],"meta":{},"tags":[]},{"ancestorTitles":["readStdin"],"fullName":"readStdin concatenates multiple chunks","status":"passed","title":"concatenates multiple chunks","duration":0.6742000000000417,"failureMessages":[],"meta":{},"tags":[]},{"ancestorTitles":["readStdin"],"fullName":"readStdin returns empty string for empty stdin","status":"passed","title":"returns empty string for empty stdin","duration":0.570699999999988,"failureMessages":[],"meta":{},"tags":[]},{"ancestorTitles":["readStdin"],"fullName":"readStdin rejects on stream error","status":"passed","title":"rejects on stream error","duration":5.303699999999992,"failureMessages":[],"meta":{},"tags":[]}],"startTime":1775950411235,"endTime":1775950411246.3037,"status":"passed","message":"","name":"D:/Visual Studio Projects/prompt-language/src/presentation/hooks/read-stdin.test.ts"},{"assertionResults":[{"ancestorTitles":["buildCompactGateStatusLine"],"fullName":"buildCompactGateStatusLine renders gate markers in deterministic predicate order","status":"passed","title":"renders gate markers in deterministic predicate order","duration":18.691100000000006,"failureMessages":[],"meta":{},"tags":[]},{"ancestorTitles":["buildCompactGateStatusLine"],"fullName":"buildCompactGateStatusLine deduplicates repeated predicates and ignores blank ones","status":"passed","title":"deduplicates repeated predicates and ignores blank ones","duration":0.5457999999999856,"failureMessages":[],"meta":{},"tags":[]},{"ancestorTitles":["buildCompactGateStatusLine"],"fullName":"buildCompactGateStatusLine returns null when there are no usable completion gates","status":"passed","title":"returns null when there are no usable completion gates","duration":0.36969999999996617,"failureMessages":[],"meta":{},"tags":[]},{"ancestorTitles":["renderCompactGateStatus"],"fullName":"renderCompactGateStatus replaces an existing gates line with the canonical ordered view","status":"passed","title":"replaces an existing gates line with the canonical ordered view","duration":0.6306999999999903,"failureMessages":[],"meta":{},"tags":[]},{"ancestorTitles":["renderCompactGateStatus"],"fullName":"renderCompactGateStatus appends the canonical gates line when compact output has no gate section","status":"passed","title":"appends the canonical gates line when compact output has no gate section","duration":0.3488999999999578,"failureMessages":[],"meta":{},"tags":[]},{"ancestorTitles":["renderCompactGateStatus"],"fullName":"renderCompactGateStatus falls back safely to the original compact text when no canonical gate line can be built","status":"passed","title":"falls back safely to the original compact text when no canonical gate line can be built","duration":0.2646000000000299,"failureMessages":[],"meta":{},"tags":[]},{"ancestorTitles":["renderCompactGateStatus"],"fullName":"renderCompactGateStatus collapses duplicate compact gate lines to a single canonical line","status":"passed","title":"collapses duplicate compact gate lines to a single canonical line","duration":0.4859000000000151,"failureMessages":[],"meta":{},"tags":[]}],"startTime":1775950410584,"endTime":1775950410606.4858,"status":"passed","message":"","name":"D:/Visual Studio Projects/prompt-language/src/presentation/hooks/render-compact-gate-status.test.ts"},{"assertionResults":[{"ancestorTitles":["renderCompletionResult"],"fullName":"renderCompletionResult renders runtime diagnostics with code and fix action","status":"passed","title":"renders runtime diagnostics with code and fix action","duration":1.7772000000000503,"failureMessages":[],"meta":{},"tags":[]},{"ancestorTitles":["renderCompletionResult"],"fullName":"renderCompletionResult renders outcomes with code and summary","status":"passed","title":"renders outcomes with code and summary","duration":0.38339999999999463,"failureMessages":[],"meta":{},"tags":[]},{"ancestorTitles":["renderCompletionResult"],"fullName":"renderCompletionResult falls back to the raw reason when no classification is present","status":"passed","title":"falls back to the raw reason when no classification is present","duration":0.204400000000021,"failureMessages":[],"meta":{},"tags":[]}],"startTime":1775950412697,"endTime":1775950412699.3833,"status":"passed","message":"","name":"D:/Visual Studio Projects/prompt-language/src/presentation/hooks/render-completion-result.test.ts"},{"assertionResults":[{"ancestorTitles":["session-start hook (integration)"],"fullName":"session-start hook (integration) produces no output when no active flow","status":"passed","title":"produces no output when no active flow","duration":1965.1345,"failureMessages":[],"meta":{},"tags":[]},{"ancestorTitles":["session-start hook (integration)"],"fullName":"session-start hook (integration) writes colorized flow to stderr when flow is active","status":"passed","title":"writes colorized flow to stderr when flow is active","duration":1675.9649,"failureMessages":[],"meta":{},"tags":[]},{"ancestorTitles":["session-start hook (integration)"],"fullName":"session-start hook (integration) returns additionalContext in stdout JSON when flow is active","status":"passed","title":"returns additionalContext in stdout JSON when flow is active","duration":1750.8366,"failureMessages":[],"meta":{},"tags":[]},{"ancestorTitles":["session-start hook (integration)"],"fullName":"session-start hook (integration) emits render byte metrics when the env flag is enabled","status":"passed","title":"emits render byte metrics when the env flag is enabled","duration":2463.8418,"failureMessages":[],"meta":{},"tags":[]},{"ancestorTitles":["session-start hook (integration)"],"fullName":"session-start hook (integration) does not write when flow is completed","status":"passed","title":"does not write when flow is completed","duration":1846.8608999999997,"failureMessages":[],"meta":{},"tags":[]},{"ancestorTitles":["session-start hook (integration)"],"fullName":"session-start hook (integration) surfaces PLR-004 when resume state cannot be recovered (state_mismatch)","status":"passed","title":"surfaces PLR-004 when resume state cannot be recovered (state_mismatch)","duration":1722.5275999999994,"failureMessages":[],"meta":{},"tags":[]},{"ancestorTitles":["session-start hook (integration)"],"fullName":"session-start hook (integration) warns when state version is newer than expected (H-INT-009)","status":"passed","title":"warns when state version is newer than expected (H-INT-009)","duration":1703.0175,"failureMessages":[],"meta":{},"tags":[]},{"ancestorTitles":["session-start hook (integration)"],"fullName":"session-start hook (integration) no version warning when version matches (H-INT-009)","status":"passed","title":"no version warning when version matches (H-INT-009)","duration":1760.9038,"failureMessages":[],"meta":{},"tags":[]},{"ancestorTitles":["session-start hook (integration)"],"fullName":"session-start hook (integration) finds awaiting_capture let node nested inside foreach block","status":"passed","title":"finds awaiting_capture let node nested inside foreach block","duration":1796.1834999999992,"failureMessages":[],"meta":{},"tags":[]},{"ancestorTitles":["session-start hook (integration)"],"fullName":"session-start hook (integration) re-emits capture prompt when awaiting_capture on resume (capture_failure)","status":"passed","title":"re-emits capture prompt when awaiting_capture on resume (capture_failure)","duration":1991.3362000000016,"failureMessages":[],"meta":{},"tags":[]},{"ancestorTitles":["session-start hook (integration)"],"fullName":"session-start hook (integration) keeps capture failure reason and retry count visible when resuming an interrupted capture","status":"passed","title":"keeps capture failure reason and retry count visible when resuming an interrupted capture","duration":1888.7943000000014,"failureMessages":[],"meta":{},"tags":[]},{"ancestorTitles":["session-start hook (integration)"],"fullName":"session-start hook (integration) re-emits named review judge capture when a review node is awaiting capture","status":"passed","title":"re-emits named review judge capture when a review node is awaiting capture","duration":2290.9459000000024,"failureMessages":[],"meta":{},"tags":[]}],"startTime":1775950386349,"endTime":1775950409205.9458,"status":"passed","message":"","name":"D:/Visual Studio Projects/prompt-language/src/presentation/hooks/session-start.test.ts"},{"assertionResults":[{"ancestorTitles":["stop hook (integration)"],"fullName":"stop hook (integration) exits 0 when no active flow","status":"passed","title":"exits 0 when no active flow","duration":1909.8739,"failureMessages":[],"meta":{},"tags":[]},{"ancestorTitles":["stop hook (integration)"],"fullName":"stop hook (integration) exits 2 when flow is active","status":"passed","title":"exits 2 when flow is active","duration":2357.1138,"failureMessages":[],"meta":{},"tags":[]},{"ancestorTitles":["stop hook (integration)"],"fullName":"stop hook (integration) exits 0 when stop_hook_active is true (prevents infinite loop)","status":"passed","title":"exits 0 when stop_hook_active is true (prevents infinite loop)","duration":1790.5263000000004,"failureMessages":[],"meta":{},"tags":[]},{"ancestorTitles":["stop hook (integration)"],"fullName":"stop hook (integration) exits 0 when state file contains corrupted JSON (fail-open)","status":"passed","title":"exits 0 when state file contains corrupted JSON (fail-open)","duration":1801.9008999999996,"failureMessages":[],"meta":{},"tags":[]},{"ancestorTitles":["stop hook (integration)"],"fullName":"stop hook (integration) exits 0 when flow is completed","status":"passed","title":"exits 0 when flow is completed","duration":1766.8904999999995,"failureMessages":[],"meta":{},"tags":[]},{"ancestorTitles":["stop hook (integration)"],"fullName":"stop hook (integration) marks running spawned children failed when a terminal flow stops","status":"passed","title":"marks running spawned children failed when a terminal flow stops","duration":1960.8248000000003,"failureMessages":[],"meta":{},"tags":[]}],"startTime":1775950390457,"endTime":1775950402043.8247,"status":"passed","message":"","name":"D:/Visual Studio Projects/prompt-language/src/presentation/hooks/stop.test.ts"},{"assertionResults":[{"ancestorTitles":["subagent-stop hook (integration)"],"fullName":"subagent-stop hook (integration) exits 0 when no active flow exists","status":"passed","title":"exits 0 when no active flow exists","duration":1787.8901999999998,"failureMessages":[],"meta":{},"tags":[]},{"ancestorTitles":["subagent-stop hook (integration)"],"fullName":"subagent-stop hook (integration) exits 2 when flow is active","status":"passed","title":"exits 2 when flow is active","duration":1872.9380999999998,"failureMessages":[],"meta":{},"tags":[]},{"ancestorTitles":["subagent-stop hook (integration)"],"fullName":"subagent-stop hook (integration) exits 0 when stop_hook_active is true (prevents infinite loop)","status":"passed","title":"exits 0 when stop_hook_active is true (prevents infinite loop)","duration":2003.4250000000002,"failureMessages":[],"meta":{},"tags":[]},{"ancestorTitles":["subagent-stop hook (integration)"],"fullName":"subagent-stop hook (integration) marks running spawned children failed when a terminal child flow stops","status":"passed","title":"marks running spawned children failed when a terminal child flow stops","duration":2122.1769999999997,"failureMessages":[],"meta":{},"tags":[]}],"startTime":1775950399720,"endTime":1775950407506.177,"status":"passed","message":"","name":"D:/Visual Studio Projects/prompt-language/src/presentation/hooks/subagent-stop.test.ts"},{"assertionResults":[{"ancestorTitles":["task-completed hook (integration)"],"fullName":"task-completed hook (integration) exits 0 when no active flow","status":"passed","title":"exits 0 when no active flow","duration":1760.3038,"failureMessages":[],"meta":{},"tags":[]},{"ancestorTitles":["task-completed hook (integration)"],"fullName":"task-completed hook (integration) exits 0 when flow has no gates","status":"passed","title":"exits 0 when flow has no gates","duration":1750.3262999999997,"failureMessages":[],"meta":{},"tags":[]},{"ancestorTitles":["task-completed hook (integration)"],"fullName":"task-completed hook (integration) exits 2 when gate command fails","status":"passed","title":"exits 2 when gate command fails","duration":1813.4608000000003,"failureMessages":[],"meta":{},"tags":[]},{"ancestorTitles":["task-completed hook (integration)"],"fullName":"task-completed hook (integration) exits 0 when gate command passes","status":"passed","title":"exits 0 when gate command passes","duration":2133.2434999999996,"failureMessages":[],"meta":{},"tags":[]}],"startTime":1775950396509,"endTime":1775950403966.2434,"status":"passed","message":"","name":"D:/Visual Studio Projects/prompt-language/src/presentation/hooks/task-completed.test.ts"},{"assertionResults":[{"ancestorTitles":["user-prompt-submit hook (integration)"],"fullName":"user-prompt-submit hook (integration) passes through prompt when no active flow","status":"passed","title":"passes through prompt when no active flow","duration":2103.7594,"failureMessages":[],"meta":{},"tags":[]},{"ancestorTitles":["user-prompt-submit hook (integration)"],"fullName":"user-prompt-submit hook (integration) surfaces PLR-004 when state file contains unrecoverable corrupted JSON","status":"passed","title":"surfaces PLR-004 when state file contains unrecoverable corrupted JSON","duration":2153.9154,"failureMessages":[],"meta":{},"tags":[]},{"ancestorTitles":["user-prompt-submit hook (integration)"],"fullName":"user-prompt-submit hook (integration) injects context when flow state file exists","status":"passed","title":"injects context when flow state file exists","duration":2039.1979000000001,"failureMessages":[],"meta":{},"tags":[]}],"startTime":1775950400952,"endTime":1775950407248.198,"status":"passed","message":"","name":"D:/Visual Studio Projects/prompt-language/src/presentation/hooks/user-prompt-submit.test.ts"}]}